<?xml version="1.0" encoding="UTF-8"?>
<!-- Generated by org.testng.reporters.JUnitReportReporter -->
<testsuite hostname="LAPTOP-0PTFLUJ4" failures="0" tests="1" name="com.testcases.homeTest" time="12.756" errors="0" timestamp="2023-07-17T19:26:39 IST" skipped="0">
  <testcase classname="com.testcases.homeTest" name="test1" time="12.756"/>
  <system-out/>
</testsuite> <!-- com.testcases.homeTest -->
