<?xml version="1.0" encoding="UTF-8"?>
<!-- Generated by org.testng.reporters.JUnitReportReporter -->
<testsuite hostname="LAPTOP-0PTFLUJ4" failures="0" tests="6" name="com.testcases.homeTest2" time="9.949" errors="0" timestamp="2023-07-14T11:30:43 IST" skipped="0">
  <testcase classname="com.testcases.homeTest2" name="engSpanishSetup" time="0.270"/>
  <system-out/>
  <testcase classname="com.testcases.homeTest2" name="test1" time="3.662"/>
  <system-out/>
  <testcase classname="com.testcases.homeTest2" name="test2" time="1.579"/>
  <system-out/>
  <testcase classname="com.testcases.homeTest2" name="test3" time="1.539"/>
  <system-out/>
  <testcase classname="com.testcases.homeTest2" name="test4" time="1.470"/>
  <system-out/>
  <testcase classname="com.testcases.homeTest2" name="test5" time="1.429"/>
  <system-out/>
</testsuite> <!-- com.testcases.homeTest2 -->
