<?xml version="1.0" encoding="UTF-8"?>
<!-- Generated by org.testng.reporters.JUnitReportReporter -->
<testsuite hostname="LAPTOP-0PTFLUJ4" failures="0" tests="1" name="com.testcases.homeTest" time="10.569" errors="0" timestamp="2023-07-14T15:39:56 IST" skipped="0">
  <testcase classname="com.testcases.homeTest" name="test1" time="10.569"/>
  <system-out/>
</testsuite> <!-- com.testcases.homeTest -->
